<?xml version="1.0" encoding="UTF-8"?>
<!-- Generated by org.testng.reporters.JUnitXMLReporter -->
<testsuite ignored="0" hostname="Shreeya-PC" failures="0" tests="2" name="Default test" time="0.219" errors="0" timestamp="2022-10-12T13:25:18 IST">
  <testcase classname="pack2.NewTest" name="@BeforeTest launchbrowser" time="-1.665561317897E9">
    <failure type="org.testng.TestNGException" message="
Parameter &amp;apos;browser&amp;apos; is required by BeforeTest on method launchbrowser but has not been marked @Optional or defined
in C:\Users\Shreeya\AppData\Local\Temp\testng-eclipse-541302437\testng-customsuite.xml">
      <![CDATA[org.testng.TestNGException: 
Parameter 'browser' is required by BeforeTest on method launchbrowser but has not been marked @Optional or defined
in C:\Users\Shreeya\AppData\Local\Temp\testng-eclipse-541302437\testng-customsuite.xml
at org.testng.internal.Parameters.createParams(Parameters.java:270)
at org.testng.internal.Parameters.createParametersForMethod(Parameters.java:358)
at org.testng.internal.Parameters.createParameters(Parameters.java:700)
at org.testng.internal.Parameters.createConfigurationParameters(Parameters.java:168)
at org.testng.internal.ConfigInvoker.invokeConfigurations(ConfigInvoker.java:302)
at org.testng.TestRunner.invokeTestConfigurations(TestRunner.java:637)
at org.testng.TestRunner.beforeRun(TestRunner.java:627)
at org.testng.TestRunner.run(TestRunner.java:589)
at org.testng.SuiteRunner.runTest(SuiteRunner.java:377)
at org.testng.SuiteRunner.runSequentially(SuiteRunner.java:371)
at org.testng.SuiteRunner.privateRun(SuiteRunner.java:332)
at org.testng.SuiteRunner.run(SuiteRunner.java:276)
at org.testng.SuiteRunnerWorker.runSuite(SuiteRunnerWorker.java:53)
at org.testng.SuiteRunnerWorker.run(SuiteRunnerWorker.java:96)
at org.testng.TestNG.runSuitesSequentially(TestNG.java:1212)
at org.testng.TestNG.runSuitesLocally(TestNG.java:1134)
at org.testng.TestNG.runSuites(TestNG.java:1063)
at org.testng.TestNG.run(TestNG.java:1031)
at org.testng.remote.AbstractRemoteTestNG.run(AbstractRemoteTestNG.java:115)
at org.testng.remote.RemoteTestNG.initAndRun(RemoteTestNG.java:251)
at org.testng.remote.RemoteTestNG.main(RemoteTestNG.java:77)
]]>
    </failure>
  </testcase> <!-- @BeforeTest launchbrowser -->
  <testcase classname="pack2.NewTest" name="@BeforeClass BeforeClass" time="-1.665561317991E9">
    <skipped/>
  </testcase> <!-- @BeforeClass BeforeClass -->
  <testcase classname="pack2.NewTest" name="@BeforeMethod LoginBookMy" time="-1.665561318032E9">
    <skipped/>
  </testcase> <!-- @BeforeMethod LoginBookMy -->
  <testcase classname="pack2.NewTest" name="@AfterMethod clenPOMObject" time="-1.665561318055E9">
    <skipped/>
  </testcase> <!-- @AfterMethod clenPOMObject -->
  <testcase classname="pack2.NewTest" name="@BeforeMethod LoginBookMy" time="-1.665561318061E9">
    <skipped/>
  </testcase> <!-- @BeforeMethod LoginBookMy -->
  <testcase classname="pack2.NewTest" name="@AfterMethod clenPOMObject" time="-1.665561318081E9">
    <skipped/>
  </testcase> <!-- @AfterMethod clenPOMObject -->
  <testcase classname="pack2.NewTest" name="@AfterClass afterClass" time="-1.665561318087E9">
    <skipped/>
  </testcase> <!-- @AfterClass afterClass -->
  <testcase classname="pack2.NewTest" name="PlaysVerify" time="0.0">
    <skipped/>
  </testcase> <!-- PlaysVerify -->
  <testcase classname="pack2.NewTest" name="Thearter" time="0.0">
    <skipped/>
  </testcase> <!-- Thearter -->
</testsuite> <!-- Default test -->
